<?xml version="1.0" encoding="UTF-8"?>
<!-- Generated by org.testng.reporters.JUnitXMLReporter -->
<testsuite ignored="0" hostname="Dell_Home_22" failures="0" tests="5" name="Default test" time="0.056" errors="0" timestamp="2022-11-08T11:32:29 CST">
  <testcase classname="testSuite1.Module1" name="login" time="0.01"/>
  <testcase classname="testSuite1.Module1" name="login" time="0.002"/>
  <testcase classname="testSuite1.Module1" name="test001" time="0.0"/>
  <testcase classname="testSuite1.Module1" name="test002" time="0.0"/>
  <testcase classname="testSuite1.Module1" name="test003" time="0.001"/>
</testsuite> <!-- Default test -->
