<?xml version="1.0" encoding="UTF-8"?>
<testng-results ignored="4" total="7" passed="3" failed="0" skipped="0">
  <reporter-output>
  </reporter-output>
  <suite started-at="2022-11-08T11:40:15 CST" name="TestSuite1" finished-at="2022-11-08T11:40:15 CST" duration-ms="38">
    <groups>
    </groups>
    <test started-at="2022-11-08T11:40:15 CST" name="sanity" finished-at="2022-11-08T11:40:15 CST" duration-ms="38">
      <class name="testSuite1.Module1">
        <test-method is-config="true" signature="beforeMethod()[pri:0, instance:testSuite1.Module1@243c4f91]" started-at="2022-11-08T11:40:15 CST" name="beforeMethod" finished-at="2022-11-08T11:40:15 CST" duration-ms="4" status="PASS">
          <reporter-output>
          </reporter-output>
        </test-method> <!-- beforeMethod -->
        <test-method signature="test001()[pri:0, instance:testSuite1.Module1@243c4f91]" started-at="2022-11-08T11:40:15 CST" name="test001" finished-at="2022-11-08T11:40:15 CST" duration-ms="2" status="PASS">
          <reporter-output>
          </reporter-output>
        </test-method> <!-- test001 -->
        <test-method is-config="true" signature="afterMethod()[pri:0, instance:testSuite1.Module1@243c4f91]" started-at="2022-11-08T11:40:15 CST" name="afterMethod" finished-at="2022-11-08T11:40:15 CST" duration-ms="0" status="PASS">
          <reporter-output>
          </reporter-output>
        </test-method> <!-- afterMethod -->
      </class> <!-- testSuite1.Module1 -->
      <class name="testSuite1.Module2">
        <test-method signature="test002()[pri:0, instance:testSuite1.Module2@6dc17b83]" started-at="2022-11-08T11:40:15 CST" name="test002" finished-at="2022-11-08T11:40:15 CST" duration-ms="8" status="PASS">
          <reporter-output>
          </reporter-output>
        </test-method> <!-- test002 -->
        <test-method signature="test001()[pri:0, instance:testSuite1.Module2@6dc17b83]" started-at="2022-11-08T11:40:15 CST" name="test001" finished-at="2022-11-08T11:40:15 CST" duration-ms="6" status="PASS">
          <reporter-output>
          </reporter-output>
        </test-method> <!-- test001 -->
      </class> <!-- testSuite1.Module2 -->
    </test> <!-- sanity -->
  </suite> <!-- TestSuite1 -->
</testng-results>
