<?xml version="1.0" encoding="UTF-8"?>
<!-- Generated by org.testng.reporters.JUnitXMLReporter -->
<testsuite ignored="4" hostname="Dell_Home_22" failures="0" tests="3" name="sanity" time="0.059" errors="0" timestamp="2022-11-09T10:24:50 CST">
  <testcase classname="testSuite1.Module2" name="test002" time="0.008"/>
  <testcase classname="testSuite1.Module2" name="test001" time="0.008"/>
  <testcase classname="testSuite1.Module1" name="test001" time="0.0"/>
  <testcase classname="testSuite1.Module1" name="test003" time="0.0">
    <ignored/>
  </testcase> <!-- test003 -->
  <testcase classname="testSuite1.Module1" name="test002" time="0.0">
    <ignored/>
  </testcase> <!-- test002 -->
  <testcase classname="testSuite1.Module2" name="test003" time="0.0">
    <ignored/>
  </testcase> <!-- test003 -->
  <testcase classname="testSuite1.Module1" name="login" time="0.0">
    <ignored/>
  </testcase> <!-- login -->
</testsuite> <!-- sanity -->
